<?xml version="1.0" encoding="UTF-8"?>
<!-- Generated by org.testng.reporters.JUnitReportReporter -->
<testsuite hostname="DESKTOP-OIFSSFS" failures="0" tests="1" name="test.com.LoginTest" time="14.309" errors="0" timestamp="2025-08-02T15:12:44 IST" skipped="0">
  <testcase classname="test.com.LoginTest" name="loginTest" time="14.309"/>
</testsuite> <!-- test.com.LoginTest -->
